[DEBUG] Fetched commit time: None
[!] No commit found, and no fallback yet.
[DEBUG] tux.last_commit_time: None
[DEBUG] tux.mood: neutral
cРЋГРћђРћђРћђРћђРћђРћђРћђРћђРћђРћђРћђРћђРћђ Tuxagotchi РћђРћђРћђРћђРћђРћђРћђРћђРћђРћђРћђРћђРћђРћђРЋ«
Рћѓ РађРађРађРађРађРађРађРађРађРађРађРађРађРађРађРа░РБХРБдРБёРАђРађРађРађРађРађРађРађРађРађРађРађРађРађРађРађРађРађ Рћѓ
Рћѓ РађРађРађРађРађРађРађРађРађРађРБђРБцРБцРБХРБХРБХРБ┐РБ┐РБ┐РБ┐РБиРБХРБХРБХРБдРБцРБёРАђРађРађРађРађРађРађРађРађРађ Рћѓ
Рћѓ РађРађРађРађРађРађРађРбђРБ┤РБ┐РБ┐РБ┐РБ┐РБ┐РБ┐РБ┐РБ┐РБ┐РБ┐РБ┐РБ┐РБ┐РБ┐РБ┐РБ┐РБ┐РБ┐РБ┐РБ┐РБдРБёРађРађРађРађРађРађ Рћѓ
Рћѓ РађРађРађРађРађРађРБ┤Ра┐Ра┐Рб┐РБ┐РБ┐РБ┐РБ┐РБ┐РБ┐РБ┐Ра┐РаЏРаІРаЅРаЅРаЎРаЏРа┐РБ┐РБ┐РБ┐РБ┐РБ┐РБ┐РБиРАёРађРађРађРађ Рћѓ
Рћѓ РађРађРађРађРађРАИРаЂРађРађРађРаЎРБ┐РБ┐РБ┐РБ┐РА┐РаЂРађРађРађРађРађРађРађРађРаѕРа╗РБ┐РБ┐РБ┐РБ┐РБ┐РБ┐РАёРађРађРађ Рћѓ
Рћѓ РађРађРађРађРбђРАЄРађРађРађРађРађРаўРБ┐РБ┐РА┐РађРађРађРађРађРађРађРађРађРађРађРађРа╣РБ┐РБ┐РБ┐РБ┐РБ┐РБ┐РАђРађРађ Рћѓ
Рћѓ РађРађРађРађРбИРАЄРађРађРађРађРађРађРБ┐РБ┐РАЄРађРађРађРађРађРађРађРађРађРађРађРађРађРа╣РБ┐РБ┐РБ┐РБ┐РБ┐РАЄРађРађ Рћѓ
Рћѓ РађРађРађРађРБЙРаЂРаўРб╗РаЪРаЃРбаРБцРАЪРаЏРбдРАёРађРађРађРаЏРАЏРаЏРађРађРађРађРађРађРађРб┐РБ┐РБ┐РБ┐РБ┐РАЄРађРађ Рћѓ
Рћѓ РађРађРађРбИРАЄРађРађРађРађРађРађРаѕРаЅРаЅРаЂРађРађРађРађРађРађРађРађРађРађРађРађРађРађРбИРБ┐РБ┐РБ┐РБ┐РаЃРађРађ Рћѓ
Рћѓ РађРађРађРбИРАЄРађРађРађРађРађРађРађРађРађРађРађРађРађРађРађРађРађРађРађРађРађРађРађРбђРБ┐РБ┐РБ┐РБ┐РАЈРађРађРађ Рћѓ
Рћѓ РађРађРађРаѕРбиРађРађРађРађРађРађРађРађРађРађРађРађРађРађРађРађРађРађРађРађРађРађРБаРБЙРБ┐РБ┐РБ┐РАЪРађРађРађРађ Рћѓ
Рћѓ РађРађРађРађРађРБ│РАђРађРађРађРађРађРађРађРађРађРађРађРађРађРађРађРађРађРбђРБцРБЙРБ┐РБ┐РБ┐РБ┐РБ┐РАђРађРађРађРађ Рћѓ
Рћѓ РађРађРађРбаРБЙРБ┐РБ┐РаєРађРађРађРађРађРађРађРађРађРађРађРађРађРађРбаРБЙРБ┐РБ┐РБ┐РБ┐РБ┐РБ┐РБ┐РБ┐РБиРАёРађРађРађ Рћѓ
Рћѓ РађРађРБ░РБ┐РБ┐РА┐РаІРађРађРађРађРађРађРађРађРађРађРађРађРађРађРбђРБ┐РБ┐РБ┐РБ┐РБ┐РБ┐РБ┐РБ┐РБ┐РБ┐РБ┐РБ┐РБєРађРађ Рћѓ
Рћѓ РађРБ░РБ┐РБ┐РАЪРађРађРађРађРађРађРађРађРађРађРађРађРађРађРађРађРаѕРБ┐РБ┐РБ┐РБ┐РБ┐РБ┐РБ┐РБ┐РБ┐РБ┐РБ┐РБ┐РБ┐РБЄРађ Рћѓ
Рћѓ РбаРБ┐РБ┐РАЪРађРађРађРађРађРађРађРађРађРађРађРађРађРађРађРађРађРађРа╣РБ┐РБ┐РБ┐РБ┐РБ┐РБ┐РБ┐РБ┐РБ┐РБ┐РБ┐РБ┐РБ┐РАё Рћѓ
Рћѓ РБЙРБ┐РБ┐РаЂРађРађРађРађРађРађРађРађРађРађРађРађРађРађРађРађРађРађРађРб╗РБ┐РБ┐РБ┐РБ┐РБ┐РБ┐РБ┐РБ┐РБ┐РБ┐РБ┐РБ┐РБи Рћѓ
Рћѓ РБ┐РБ┐РАЈРађРађРађРађРађРађРађРађРађРађРађРађРађРађРађРађРађРађРађРађРађРб╗РБ┐РБ┐РБ┐РБ┐РБ┐РБ┐РБ┐РБ┐РБ┐РБ┐РБ┐РБ┐ Рћѓ
Рћѓ РБ┐РБ┐РАЄРађРађРађРађРађРађРађРађРађРађРађРађРађРађРађРађРађРађРађРађРађРађРб╗РБ┐РБ┐РБ┐РБ┐РБ┐РБ┐РБ┐РБ┐РБ┐РБ┐РБ┐ Рћѓ
Рћѓ                                       Рћѓ
Рћѓ                                       Рћѓ
Рћѓ                                       Рћѓ
Рћѓ                                       Рћѓ
Рћѓ Mood: NEUTRAL                         Рћѓ
Рћѓ Repo: tuxtest                         Рћѓ
Рћѓ Last Commit: Unknown                  Рћѓ
Рћѓ                                       Рћѓ
Рћѓ                                       Рћѓ
Рћѓ                                       Рћѓ
Рћѓ                                       Рћѓ
Рћѓ                                       Рћѓ
Рћѓ                                       Рћѓ
Рћѓ                                       Рћѓ
Рћѓ                                       Рћѓ
Рћѓ                                       Рћѓ
Рћѓ                                       Рћѓ
Рћѓ                                       Рћѓ
Рћѓ                                       Рћѓ
Рћѓ                                       Рћѓ
Рћѓ                                       Рћѓ
Рћѓ                                       Рћѓ
РЋ░РћђРћђРћђРћђРћђРћђРћђРћђРћђРћђРћђРћђРћђРћђРћђРћђРћђРћђРћђРћђРћђРћђРћђРћђРћђРћђРћђРћђРћђРћђРћђРћђРћђРћђРћђРћђРћђРћђРћђРЋ»
[DEBUG] Fetched commit time: None
[!] No commit found, and no fallback yet.
[DEBUG] tux.last_commit_time: None
[DEBUG] tux.mood: neutral
cРЋГРћђРћђРћђРћђРћђРћђРћђРћђРћђРћђРћђРћђРћђ Tuxagotchi РћђРћђРћђРћђРћђРћђРћђРћђРћђРћђРћђРћђРћђРћђРЋ«
Рћѓ                                       Рћѓ
Рћѓ РађРађРађРађРађРађРађРађРађРађРађРађРађРађРађРа░РБХРБдРБёРАђРађРађРађРађРађРађРађРађРађРађРађРађРађРађРађРађРађ Рћѓ
Рћѓ РађРађРађРађРађРађРађРађРађРађРБђРБцРБцРБХРБХРБХРБ┐РБ┐РБ┐РБ┐РБиРБХРБХРБХРБдРБцРБёРАђРађРађРађРађРађРађРађРађРађ Рћѓ
Рћѓ РађРађРађРађРађРађРађРбђРБ┤РБ┐РБ┐РБ┐РБ┐РБ┐РБ┐РБ┐РБ┐РБ┐РБ┐РБ┐РБ┐РБ┐РБ┐РБ┐РБ┐РБ┐РБ┐РБ┐РБ┐РБдРБёРађРађРађРађРађРађ Рћѓ
Рћѓ РађРађРађРађРађРађРБ┤Ра┐Ра┐Рб┐РБ┐РБ┐РБ┐РБ┐РБ┐РБ┐РБ┐Ра┐РаЏРаІРаЅРаЅРаЎРаЏРа┐РБ┐РБ┐РБ┐РБ┐РБ┐РБ┐РБиРАёРађРађРађРађ Рћѓ
Рћѓ РађРађРађРађРађРАИРаЂРађРађРађРаЎРБ┐РБ┐РБ┐РБ┐РА┐РаЂРађРађРађРађРађРађРађРађРаѕРа╗РБ┐РБ┐РБ┐РБ┐РБ┐РБ┐РАёРађРађРађ Рћѓ
Рћѓ РађРађРађРађРбђРАЄРађРађРађРађРађРаўРБ┐РБ┐РА┐РађРађРађРађРађРађРађРађРађРађРађРађРа╣РБ┐РБ┐РБ┐РБ┐РБ┐РБ┐РАђРађРађ Рћѓ
Рћѓ РађРађРађРађРбИРАЄРађРађРађРађРађРађРБ┐РБ┐РАЄРађРађРађРађРађРађРађРађРађРађРађРађРађРа╣РБ┐РБ┐РБ┐РБ┐РБ┐РАЄРађРађ Рћѓ
Рћѓ РађРађРађРађРБЙРаЂРаўРб╗РаЪРаЃРбаРБцРАЪРаЏРбдРАёРађРађРађРаЏРАЏРаЏРађРађРађРађРађРађРађРб┐РБ┐РБ┐РБ┐РБ┐РАЄРађРађ Рћѓ
Рћѓ РађРађРађРбИРАЄРађРађРађРађРађРађРаѕРаЅРаЅРаЂРађРађРађРађРађРађРађРађРађРађРађРађРађРађРбИРБ┐РБ┐РБ┐РБ┐РаЃРађРађ Рћѓ
Рћѓ РађРађРађРбИРАЄРађРађРађРађРађРађРађРађРађРађРађРађРађРађРађРађРађРађРађРађРађРађРађРбђРБ┐РБ┐РБ┐РБ┐РАЈРађРађРађ Рћѓ
Рћѓ РађРађРађРаѕРбиРађРађРађРађРађРађРађРађРађРађРађРађРађРађРађРађРађРађРађРађРађРађРБаРБЙРБ┐РБ┐РБ┐РАЪРађРађРађРађ Рћѓ
Рћѓ РађРађРађРађРађРБ│РАђРађРађРађРађРађРађРађРађРађРађРађРађРађРађРађРађРађРбђРБцРБЙРБ┐РБ┐РБ┐РБ┐РБ┐РАђРађРађРађРађ Рћѓ
Рћѓ РађРађРађРбаРБЙРБ┐РБ┐РаєРађРађРађРађРађРађРађРађРађРађРађРађРађРађРбаРБЙРБ┐РБ┐РБ┐РБ┐РБ┐РБ┐РБ┐РБ┐РБиРАёРађРађРађ Рћѓ
Рћѓ РађРађРБ░РБ┐РБ┐РА┐РаІРађРађРађРађРађРађРађРађРађРађРађРађРађРађРбђРБ┐РБ┐РБ┐РБ┐РБ┐РБ┐РБ┐РБ┐РБ┐РБ┐РБ┐РБ┐РБєРађРађ Рћѓ
Рћѓ РађРБ░РБ┐РБ┐РАЪРађРађРађРађРађРађРађРађРађРађРађРађРађРађРађРађРаѕРБ┐РБ┐РБ┐РБ┐РБ┐РБ┐РБ┐РБ┐РБ┐РБ┐РБ┐РБ┐РБ┐РБЄРађ Рћѓ
Рћѓ РбаРБ┐РБ┐РАЪРађРађРађРађРађРађРађРађРађРађРађРађРађРађРађРађРађРађРа╣РБ┐РБ┐РБ┐РБ┐РБ┐РБ┐РБ┐РБ┐РБ┐РБ┐РБ┐РБ┐РБ┐РАё Рћѓ
Рћѓ РБЙРБ┐РБ┐РаЂРађРађРађРађРађРађРађРађРађРађРађРађРађРађРађРађРађРађРађРб╗РБ┐РБ┐РБ┐РБ┐РБ┐РБ┐РБ┐РБ┐РБ┐РБ┐РБ┐РБ┐РБи Рћѓ
Рћѓ РБ┐РБ┐РАЈРађРађРађРађРађРађРађРађРађРађРађРађРађРађРађРађРађРађРађРађРађРб╗РБ┐РБ┐РБ┐РБ┐РБ┐РБ┐РБ┐РБ┐РБ┐РБ┐РБ┐РБ┐ Рћѓ
Рћѓ РБ┐РБ┐РАЄРађРађРађРађРађРађРађРађРађРађРађРађРађРађРађРађРађРађРађРађРађРађРб╗РБ┐РБ┐РБ┐РБ┐РБ┐РБ┐РБ┐РБ┐РБ┐РБ┐РБ┐ Рћѓ
Рћѓ                                       Рћѓ
Рћѓ                                       Рћѓ
Рћѓ                                       Рћѓ
Рћѓ Mood: NEUTRAL                         Рћѓ
Рћѓ Repo: tuxtest                         Рћѓ
Рћѓ Last Commit: Unknown                  Рћѓ
Рћѓ                                       Рћѓ
Рћѓ                                       Рћѓ
Рћѓ                                       Рћѓ
Рћѓ                                       Рћѓ
Рћѓ                                       Рћѓ
Рћѓ                                       Рћѓ
Рћѓ                                       Рћѓ
Рћѓ                                       Рћѓ
Рћѓ                                       Рћѓ
Рћѓ                                       Рћѓ
Рћѓ                                       Рћѓ
Рћѓ                                       Рћѓ
Рћѓ                                       Рћѓ
Рћѓ                                       Рћѓ
Рћѓ                                       Рћѓ
РЋ░РћђРћђРћђРћђРћђРћђРћђРћђРћђРћђРћђРћђРћђРћђРћђРћђРћђРћђРћђРћђРћђРћђРћђРћђРћђРћђРћђРћђРћђРћђРћђРћђРћђРћђРћђРћђРћђРћђРћђРЋ»
[DEBUG] Fetched commit time: None
[!] No commit found, and no fallback yet.
[DEBUG] tux.last_commit_time: None
[DEBUG] tux.mood: neutral
cРЋГРћђРћђРћђРћђРћђРћђРћђРћђРћђРћђРћђРћђРћђ Tuxagotchi РћђРћђРћђРћђРћђРћђРћђРћђРћђРћђРћђРћђРћђРћђРЋ«
Рћѓ РађРађРађРађРађРађРађРађРађРађРађРађРађРађРађРа░РБХРБдРБёРАђРађРађРађРађРађРађРађРађРађРађРађРађРађРађРађРађРађ Рћѓ
Рћѓ РађРађРађРађРађРађРађРађРађРађРБђРБцРБцРБХРБХРБХРБ┐РБ┐РБ┐РБ┐РБиРБХРБХРБХРБдРБцРБёРАђРађРађРађРађРађРађРађРађРађ Рћѓ
Рћѓ РађРађРађРађРађРађРађРбђРБ┤РБ┐РБ┐РБ┐РБ┐РБ┐РБ┐РБ┐РБ┐РБ┐РБ┐РБ┐РБ┐РБ┐РБ┐РБ┐РБ┐РБ┐РБ┐РБ┐РБ┐РБдРБёРађРађРађРађРађРађ Рћѓ
Рћѓ РађРађРађРађРађРађРБ┤Ра┐Ра┐Рб┐РБ┐РБ┐РБ┐РБ┐РБ┐РБ┐РБ┐Ра┐РаЏРаІРаЅРаЅРаЎРаЏРа┐РБ┐РБ┐РБ┐РБ┐РБ┐РБ┐РБиРАёРађРађРађРађ Рћѓ
Рћѓ РађРађРађРађРађРАИРаЂРађРађРађРаЎРБ┐РБ┐РБ┐РБ┐РА┐РаЂРађРађРађРађРађРађРађРађРаѕРа╗РБ┐РБ┐РБ┐РБ┐РБ┐РБ┐РАёРађРађРађ Рћѓ
Рћѓ РађРађРађРађРбђРАЄРађРађРађРађРађРаўРБ┐РБ┐РА┐РађРађРађРађРађРађРађРађРађРађРађРађРа╣РБ┐РБ┐РБ┐РБ┐РБ┐РБ┐РАђРађРађ Рћѓ
Рћѓ РађРађРађРађРбИРАЄРађРађРађРађРађРађРБ┐РБ┐РАЄРађРађРађРађРађРађРађРађРађРађРађРађРађРа╣РБ┐РБ┐РБ┐РБ┐РБ┐РАЄРађРађ Рћѓ
Рћѓ РађРађРађРађРБЙРаЂРаўРб╗РаЪРаЃРбаРБцРАЪРаЏРбдРАёРађРађРађРаЏРАЏРаЏРађРађРађРађРађРађРађРб┐РБ┐РБ┐РБ┐РБ┐РАЄРађРађ Рћѓ
Рћѓ РађРађРађРбИРАЄРађРађРађРађРађРађРаѕРаЅРаЅРаЂРађРађРађРађРађРађРађРађРађРађРађРађРађРађРбИРБ┐РБ┐РБ┐РБ┐РаЃРађРађ Рћѓ
Рћѓ РађРађРађРбИРАЄРађРађРађРађРађРађРађРађРађРађРађРађРађРађРађРађРађРађРађРађРађРађРађРбђРБ┐РБ┐РБ┐РБ┐РАЈРађРађРађ Рћѓ
Рћѓ РађРађРађРаѕРбиРађРађРађРађРађРађРађРађРађРађРађРађРађРађРађРађРађРађРађРађРађРађРБаРБЙРБ┐РБ┐РБ┐РАЪРађРађРађРађ Рћѓ
Рћѓ РађРађРађРађРађРБ│РАђРађРађРађРађРађРађРађРађРађРађРађРађРађРађРађРађРађРбђРБцРБЙРБ┐РБ┐РБ┐РБ┐РБ┐РАђРађРађРађРађ Рћѓ
Рћѓ РађРађРађРбаРБЙРБ┐РБ┐РаєРађРађРађРађРађРађРађРађРађРађРађРађРађРађРбаРБЙРБ┐РБ┐РБ┐РБ┐РБ┐РБ┐РБ┐РБ┐РБиРАёРађРађРађ Рћѓ
Рћѓ РађРађРБ░РБ┐РБ┐РА┐РаІРађРађРађРађРађРађРађРађРађРађРађРађРађРађРбђРБ┐РБ┐РБ┐РБ┐РБ┐РБ┐РБ┐РБ┐РБ┐РБ┐РБ┐РБ┐РБєРађРађ Рћѓ
Рћѓ РађРБ░РБ┐РБ┐РАЪРађРађРађРађРађРађРађРађРађРађРађРађРађРађРађРађРаѕРБ┐РБ┐РБ┐РБ┐РБ┐РБ┐РБ┐РБ┐РБ┐РБ┐РБ┐РБ┐РБ┐РБЄРађ Рћѓ
Рћѓ РбаРБ┐РБ┐РАЪРађРађРађРађРађРађРађРађРађРађРађРађРађРађРађРађРађРађРа╣РБ┐РБ┐РБ┐РБ┐РБ┐РБ┐РБ┐РБ┐РБ┐РБ┐РБ┐РБ┐РБ┐РАё Рћѓ
Рћѓ РБЙРБ┐РБ┐РаЂРађРађРађРађРађРађРађРађРађРађРађРађРађРађРађРађРађРађРађРб╗РБ┐РБ┐РБ┐РБ┐РБ┐РБ┐РБ┐РБ┐РБ┐РБ┐РБ┐РБ┐РБи Рћѓ
Рћѓ РБ┐РБ┐РАЈРађРађРађРађРађРађРађРађРађРађРађРађРађРађРађРађРађРађРађРађРађРб╗РБ┐РБ┐РБ┐РБ┐РБ┐РБ┐РБ┐РБ┐РБ┐РБ┐РБ┐РБ┐ Рћѓ
Рћѓ РБ┐РБ┐РАЄРађРађРађРађРађРађРађРађРађРађРађРађРађРађРађРађРађРађРађРађРађРађРб╗РБ┐РБ┐РБ┐РБ┐РБ┐РБ┐РБ┐РБ┐РБ┐РБ┐РБ┐ Рћѓ
Рћѓ                                       Рћѓ
Рћѓ                                       Рћѓ
Рћѓ                                       Рћѓ
Рћѓ                                       Рћѓ
Рћѓ Mood: NEUTRAL                         Рћѓ
Рћѓ Repo: tuxtest                         Рћѓ
Рћѓ Last Commit: Unknown                  Рћѓ
Рћѓ                                       Рћѓ
Рћѓ                                       Рћѓ
Рћѓ                                       Рћѓ
Рћѓ                                       Рћѓ
Рћѓ                                       Рћѓ
Рћѓ                                       Рћѓ
Рћѓ                                       Рћѓ
Рћѓ                                       Рћѓ
Рћѓ                                       Рћѓ
Рћѓ                                       Рћѓ
Рћѓ                                       Рћѓ
Рћѓ                                       Рћѓ
Рћѓ                                       Рћѓ
Рћѓ                                       Рћѓ
Рћѓ                                       Рћѓ
РЋ░РћђРћђРћђРћђРћђРћђРћђРћђРћђРћђРћђРћђРћђРћђРћђРћђРћђРћђРћђРћђРћђРћђРћђРћђРћђРћђРћђРћђРћђРћђРћђРћђРћђРћђРћђРћђРћђРћђРћђРЋ»
[DEBUG] Fetched commit time: None
[!] No commit found, and no fallback yet.
[DEBUG] tux.last_commit_time: None
[DEBUG] tux.mood: neutral
cРЋГРћђРћђРћђРћђРћђРћђРћђРћђРћђРћђРћђРћђРћђ Tuxagotchi РћђРћђРћђРћђРћђРћђРћђРћђРћђРћђРћђРћђРћђРћђРЋ«
Рћѓ                                       Рћѓ
Рћѓ РађРађРађРађРађРађРађРађРађРађРађРађРађРађРађРа░РБХРБдРБёРАђРађРађРађРађРађРађРађРађРађРађРађРађРађРађРађРађРађ Рћѓ
Рћѓ РађРађРађРађРађРађРађРађРађРађРБђРБцРБцРБХРБХРБХРБ┐РБ┐РБ┐РБ┐РБиРБХРБХРБХРБдРБцРБёРАђРађРађРађРађРађРађРађРађРађ Рћѓ
Рћѓ РађРађРађРађРађРађРађРбђРБ┤РБ┐РБ┐РБ┐РБ┐РБ┐РБ┐РБ┐РБ┐РБ┐РБ┐РБ┐РБ┐РБ┐РБ┐РБ┐РБ┐РБ┐РБ┐РБ┐РБ┐РБдРБёРађРађРађРађРађРађ Рћѓ
Рћѓ РађРађРађРађРађРађРБ┤Ра┐Ра┐Рб┐РБ┐РБ┐РБ┐РБ┐РБ┐РБ┐РБ┐Ра┐РаЏРаІРаЅРаЅРаЎРаЏРа┐РБ┐РБ┐РБ┐РБ┐РБ┐РБ┐РБиРАёРађРађРађРађ Рћѓ
Рћѓ РађРађРађРађРађРАИРаЂРађРађРађРаЎРБ┐РБ┐РБ┐РБ┐РА┐РаЂРађРађРађРађРађРађРађРађРаѕРа╗РБ┐РБ┐РБ┐РБ┐РБ┐РБ┐РАёРађРађРађ Рћѓ
Рћѓ РађРађРађРађРбђРАЄРађРађРађРађРађРаўРБ┐РБ┐РА┐РађРађРађРађРађРађРађРађРађРађРађРађРа╣РБ┐РБ┐РБ┐РБ┐РБ┐РБ┐РАђРађРађ Рћѓ
Рћѓ РађРађРађРађРбИРАЄРађРађРађРађРађРађРБ┐РБ┐РАЄРађРађРађРађРађРађРађРађРађРађРађРађРађРа╣РБ┐РБ┐РБ┐РБ┐РБ┐РАЄРађРађ Рћѓ
Рћѓ РађРађРађРађРБЙРаЂРаўРб╗РаЪРаЃРбаРБцРАЪРаЏРбдРАёРађРађРађРаЏРАЏРаЏРађРађРађРађРађРађРађРб┐РБ┐РБ┐РБ┐РБ┐РАЄРађРађ Рћѓ
Рћѓ РађРађРађРбИРАЄРађРађРађРађРађРађРаѕРаЅРаЅРаЂРађРађРађРађРађРађРађРађРађРађРађРађРађРађРбИРБ┐РБ┐РБ┐РБ┐РаЃРађРађ Рћѓ
Рћѓ РађРађРађРбИРАЄРађРађРађРађРађРађРађРађРађРађРађРађРађРађРађРађРађРађРађРађРађРађРађРбђРБ┐РБ┐РБ┐РБ┐РАЈРађРађРађ Рћѓ
Рћѓ РађРађРађРаѕРбиРађРађРађРађРађРађРађРађРађРађРађРађРађРађРађРађРађРађРађРађРађРађРБаРБЙРБ┐РБ┐РБ┐РАЪРађРађРађРађ Рћѓ
Рћѓ РађРађРађРађРађРБ│РАђРађРађРађРађРађРађРађРађРађРађРађРађРађРађРађРађРађРбђРБцРБЙРБ┐РБ┐РБ┐РБ┐РБ┐РАђРађРађРађРађ Рћѓ
Рћѓ РађРађРађРбаРБЙРБ┐РБ┐РаєРађРађРађРађРађРађРађРађРађРађРађРађРађРађРбаРБЙРБ┐РБ┐РБ┐РБ┐РБ┐РБ┐РБ┐РБ┐РБиРАёРађРађРађ Рћѓ
Рћѓ РађРађРБ░РБ┐РБ┐РА┐РаІРађРађРађРађРађРађРађРађРађРађРађРађРађРађРбђРБ┐РБ┐РБ┐РБ┐РБ┐РБ┐РБ┐РБ┐РБ┐РБ┐РБ┐РБ┐РБєРађРађ Рћѓ
Рћѓ РађРБ░РБ┐РБ┐РАЪРађРађРађРађРађРађРађРађРађРађРађРађРађРађРађРађРаѕРБ┐РБ┐РБ┐РБ┐РБ┐РБ┐РБ┐РБ┐РБ┐РБ┐РБ┐РБ┐РБ┐РБЄРађ Рћѓ
Рћѓ РбаРБ┐РБ┐РАЪРађРађРађРађРађРађРађРађРађРађРађРађРађРађРађРађРађРађРа╣РБ┐РБ┐РБ┐РБ┐РБ┐РБ┐РБ┐РБ┐РБ┐РБ┐РБ┐РБ┐РБ┐РАё Рћѓ
Рћѓ РБЙРБ┐РБ┐РаЂРађРађРађРађРађРађРађРађРађРађРађРађРађРађРађРађРађРађРађРб╗РБ┐РБ┐РБ┐РБ┐РБ┐РБ┐РБ┐РБ┐РБ┐РБ┐РБ┐РБ┐РБи Рћѓ
Рћѓ РБ┐РБ┐РАЈРађРађРађРађРађРађРађРађРађРађРађРађРађРађРађРађРађРађРађРађРађРб╗РБ┐РБ┐РБ┐РБ┐РБ┐РБ┐РБ┐РБ┐РБ┐РБ┐РБ┐РБ┐ Рћѓ
Рћѓ РБ┐РБ┐РАЄРађРађРађРађРађРађРађРађРађРађРађРађРађРађРађРађРађРађРађРађРађРађРб╗РБ┐РБ┐РБ┐РБ┐РБ┐РБ┐РБ┐РБ┐РБ┐РБ┐РБ┐ Рћѓ
Рћѓ                                       Рћѓ
Рћѓ                                       Рћѓ
Рћѓ                                       Рћѓ
Рћѓ Mood: NEUTRAL                         Рћѓ
Рћѓ Repo: tuxtest                         Рћѓ
Рћѓ Last Commit: Unknown                  Рћѓ
Рћѓ                                       Рћѓ
Рћѓ                                       Рћѓ
Рћѓ                                       Рћѓ
Рћѓ                                       Рћѓ
Рћѓ                                       Рћѓ
Рћѓ                                       Рћѓ
Рћѓ                                       Рћѓ
Рћѓ                                       Рћѓ
Рћѓ                                       Рћѓ
Рћѓ                                       Рћѓ
Рћѓ                                       Рћѓ
Рћѓ                                       Рћѓ
Рћѓ                                       Рћѓ
Рћѓ                                       Рћѓ
Рћѓ                                       Рћѓ
РЋ░РћђРћђРћђРћђРћђРћђРћђРћђРћђРћђРћђРћђРћђРћђРћђРћђРћђРћђРћђРћђРћђРћђРћђРћђРћђРћђРћђРћђРћђРћђРћђРћђРћђРћђРћђРћђРћђРћђРћђРЋ»
[DEBUG] Fetched commit time: None
[!] No commit found, and no fallback yet.
[DEBUG] tux.last_commit_time: None
[DEBUG] tux.mood: neutral
cРЋГРћђРћђРћђРћђРћђРћђРћђРћђРћђРћђРћђРћђРћђ Tuxagotchi РћђРћђРћђРћђРћђРћђРћђРћђРћђРћђРћђРћђРћђРћђРЋ«
Рћѓ РађРађРађРађРађРађРађРађРађРађРађРађРађРађРађРа░РБХРБдРБёРАђРађРађРађРађРађРађРађРађРађРађРађРађРађРађРађРађРађ Рћѓ
Рћѓ РађРађРађРађРађРађРађРађРађРађРБђРБцРБцРБХРБХРБХРБ┐РБ┐РБ┐РБ┐РБиРБХРБХРБХРБдРБцРБёРАђРађРађРађРађРађРађРађРађРађ Рћѓ
Рћѓ РађРађРађРађРађРађРађРбђРБ┤РБ┐РБ┐РБ┐РБ┐РБ┐РБ┐РБ┐РБ┐РБ┐РБ┐РБ┐РБ┐РБ┐РБ┐РБ┐РБ┐РБ┐РБ┐РБ┐РБ┐РБдРБёРађРађРађРађРађРађ Рћѓ
Рћѓ РађРађРађРађРађРађРБ┤Ра┐Ра┐Рб┐РБ┐РБ┐РБ┐РБ┐РБ┐РБ┐РБ┐Ра┐РаЏРаІРаЅРаЅРаЎРаЏРа┐РБ┐РБ┐РБ┐РБ┐РБ┐РБ┐РБиРАёРађРађРађРађ Рћѓ
Рћѓ РађРађРађРађРађРАИРаЂРађРађРађРаЎРБ┐РБ┐РБ┐РБ┐РА┐РаЂРађРађРађРађРађРађРађРађРаѕРа╗РБ┐РБ┐РБ┐РБ┐РБ┐РБ┐РАёРађРађРађ Рћѓ
Рћѓ РађРађРађРађРбђРАЄРађРађРађРађРађРаўРБ┐РБ┐РА┐РађРађРађРађРађРађРађРађРађРађРађРађРа╣РБ┐РБ┐РБ┐РБ┐РБ┐РБ┐РАђРађРађ Рћѓ
Рћѓ РађРађРађРађРбИРАЄРађРађРађРађРађРађРБ┐РБ┐РАЄРађРађРађРађРађРађРађРађРађРађРађРађРађРа╣РБ┐РБ┐РБ┐РБ┐РБ┐РАЄРађРађ Рћѓ
Рћѓ РађРађРађРађРБЙРаЂРаўРб╗РаЪРаЃРбаРБцРАЪРаЏРбдРАёРађРађРађРаЏРАЏРаЏРађРађРађРађРађРађРађРб┐РБ┐РБ┐РБ┐РБ┐РАЄРађРађ Рћѓ
Рћѓ РађРађРађРбИРАЄРађРађРађРађРађРађРаѕРаЅРаЅРаЂРађРађРађРађРађРађРађРађРађРађРађРађРађРађРбИРБ┐РБ┐РБ┐РБ┐РаЃРађРађ Рћѓ
Рћѓ РађРађРађРбИРАЄРађРађРађРађРађРађРађРађРађРађРађРађРађРађРађРађРађРађРађРађРађРађРађРбђРБ┐РБ┐РБ┐РБ┐РАЈРађРађРађ Рћѓ
Рћѓ РађРађРађРаѕРбиРађРађРађРађРађРађРађРађРађРађРађРађРађРађРађРађРађРађРађРађРађРађРБаРБЙРБ┐РБ┐РБ┐РАЪРађРађРађРађ Рћѓ
Рћѓ РађРађРађРађРађРБ│РАђРађРађРађРађРађРађРађРађРађРађРађРађРађРађРађРађРађРбђРБцРБЙРБ┐РБ┐РБ┐РБ┐РБ┐РАђРађРађРађРађ Рћѓ
Рћѓ РађРађРађРбаРБЙРБ┐РБ┐РаєРађРађРађРађРађРађРађРађРађРађРађРађРађРађРбаРБЙРБ┐РБ┐РБ┐РБ┐РБ┐РБ┐РБ┐РБ┐РБиРАёРађРађРађ Рћѓ
Рћѓ РађРађРБ░РБ┐РБ┐РА┐РаІРађРађРађРађРађРађРађРађРађРађРађРађРађРађРбђРБ┐РБ┐РБ┐РБ┐РБ┐РБ┐РБ┐РБ┐РБ┐РБ┐РБ┐РБ┐РБєРађРађ Рћѓ
Рћѓ РађРБ░РБ┐РБ┐РАЪРађРађРађРађРађРађРађРађРађРађРађРађРађРађРађРађРаѕРБ┐РБ┐РБ┐РБ┐РБ┐РБ┐РБ┐РБ┐РБ┐РБ┐РБ┐РБ┐РБ┐РБЄРађ Рћѓ
Рћѓ РбаРБ┐РБ┐РАЪРађРађРађРађРађРађРађРађРађРађРађРађРађРађРађРађРађРађРа╣РБ┐РБ┐РБ┐РБ┐РБ┐РБ┐РБ┐РБ┐РБ┐РБ┐РБ┐РБ┐РБ┐РАё Рћѓ
Рћѓ РБЙРБ┐РБ┐РаЂРађРађРађРађРађРађРађРађРађРађРађРађРађРађРађРађРађРађРађРб╗РБ┐РБ┐РБ┐РБ┐РБ┐РБ┐РБ┐РБ┐РБ┐РБ┐РБ┐РБ┐РБи Рћѓ
Рћѓ РБ┐РБ┐РАЈРађРађРађРађРађРађРађРађРађРађРађРађРађРађРађРађРађРађРађРађРађРб╗РБ┐РБ┐РБ┐РБ┐РБ┐РБ┐РБ┐РБ┐РБ┐РБ┐РБ┐РБ┐ Рћѓ
Рћѓ РБ┐РБ┐РАЄРађРађРађРађРађРађРађРађРађРађРађРађРађРађРађРађРађРађРађРађРађРађРб╗РБ┐РБ┐РБ┐РБ┐РБ┐РБ┐РБ┐РБ┐РБ┐РБ┐РБ┐ Рћѓ
Рћѓ                                       Рћѓ
Рћѓ                                       Рћѓ
Рћѓ                                       Рћѓ
Рћѓ                                       Рћѓ
Рћѓ Mood: NEUTRAL                         Рћѓ
Рћѓ Repo: tuxtest                         Рћѓ
Рћѓ Last Commit: Unknown                  Рћѓ
Рћѓ                                       Рћѓ
Рћѓ                                       Рћѓ
Рћѓ                                       Рћѓ
Рћѓ                                       Рћѓ
Рћѓ                                       Рћѓ
Рћѓ                                       Рћѓ
Рћѓ                                       Рћѓ
Рћѓ                                       Рћѓ
Рћѓ                                       Рћѓ
Рћѓ                                       Рћѓ
Рћѓ                                       Рћѓ
Рћѓ                                       Рћѓ
Рћѓ                                       Рћѓ
Рћѓ                                       Рћѓ
Рћѓ                                       Рћѓ
РЋ░РћђРћђРћђРћђРћђРћђРћђРћђРћђРћђРћђРћђРћђРћђРћђРћђРћђРћђРћђРћђРћђРћђРћђРћђРћђРћђРћђРћђРћђРћђРћђРћђРћђРћђРћђРћђРћђРћђРћђРЋ»
[DEBUG] Fetched commit time: None
[!] No commit found, and no fallback yet.
[DEBUG] tux.last_commit_time: None
[DEBUG] tux.mood: neutral
cРЋГРћђРћђРћђРћђРћђРћђРћђРћђРћђРћђРћђРћђРћђ Tuxagotchi РћђРћђРћђРћђРћђРћђРћђРћђРћђРћђРћђРћђРћђРћђРЋ«
Рћѓ                                       Рћѓ
Рћѓ РађРађРађРађРађРађРађРађРађРађРађРађРађРађРађРа░РБХРБдРБёРАђРађРађРађРађРађРађРађРађРађРађРађРађРађРађРађРађРађ Рћѓ
Рћѓ РађРађРађРађРађРађРађРађРађРађРБђРБцРБцРБХРБХРБХРБ┐РБ┐РБ┐РБ┐РБиРБХРБХРБХРБдРБцРБёРАђРађРађРађРађРађРађРађРађРађ Рћѓ
Рћѓ РађРађРађРађРађРађРађРбђРБ┤РБ┐РБ┐РБ┐РБ┐РБ┐РБ┐РБ┐РБ┐РБ┐РБ┐РБ┐РБ┐РБ┐РБ┐РБ┐РБ┐РБ┐РБ┐РБ┐РБ┐РБдРБёРађРађРађРађРађРађ Рћѓ
Рћѓ РађРађРађРађРађРађРБ┤Ра┐Ра┐Рб┐РБ┐РБ┐РБ┐РБ┐РБ┐РБ┐РБ┐Ра┐РаЏРаІРаЅРаЅРаЎРаЏРа┐РБ┐РБ┐РБ┐РБ┐РБ┐РБ┐РБиРАёРађРађРађРађ Рћѓ
Рћѓ РађРађРађРађРађРАИРаЂРађРађРађРаЎРБ┐РБ┐РБ┐РБ┐РА┐РаЂРађРађРађРађРађРађРађРађРаѕРа╗РБ┐РБ┐РБ┐РБ┐РБ┐РБ┐РАёРађРађРађ Рћѓ
Рћѓ РађРађРађРађРбђРАЄРађРађРађРађРађРаўРБ┐РБ┐РА┐РађРађРађРађРађРађРађРађРађРађРађРађРа╣РБ┐РБ┐РБ┐РБ┐РБ┐РБ┐РАђРађРађ Рћѓ
Рћѓ РађРађРађРађРбИРАЄРађРађРађРађРађРађРБ┐РБ┐РАЄРађРађРађРађРађРађРађРађРађРађРађРађРађРа╣РБ┐РБ┐РБ┐РБ┐РБ┐РАЄРађРађ Рћѓ
Рћѓ РађРађРађРађРБЙРаЂРаўРб╗РаЪРаЃРбаРБцРАЪРаЏРбдРАёРађРађРађРаЏРАЏРаЏРађРађРађРађРађРађРађРб┐РБ┐РБ┐РБ┐РБ┐РАЄРађРађ Рћѓ
Рћѓ РађРађРађРбИРАЄРађРађРађРађРађРађРаѕРаЅРаЅРаЂРађРађРађРађРађРађРађРађРађРађРађРађРађРађРбИРБ┐РБ┐РБ┐РБ┐РаЃРађРађ Рћѓ
Рћѓ РађРађРађРбИРАЄРађРађРађРађРађРађРађРађРађРађРађРађРађРађРађРађРађРађРађРађРађРађРађРбђРБ┐РБ┐РБ┐РБ┐РАЈРађРађРађ Рћѓ
Рћѓ РађРађРађРаѕРбиРађРађРађРађРађРађРађРађРађРађРађРађРађРађРађРађРађРађРађРађРађРађРБаРБЙРБ┐РБ┐РБ┐РАЪРађРађРађРађ Рћѓ
Рћѓ РађРађРађРађРађРБ│РАђРађРађРађРађРађРађРађРађРађРађРађРађРађРађРађРађРађРбђРБцРБЙРБ┐РБ┐РБ┐РБ┐РБ┐РАђРађРађРађРађ Рћѓ
Рћѓ РађРађРађРбаРБЙРБ┐РБ┐РаєРађРађРађРађРађРађРађРађРађРађРађРађРађРађРбаРБЙРБ┐РБ┐РБ┐РБ┐РБ┐РБ┐РБ┐РБ┐РБиРАёРађРађРађ Рћѓ
Рћѓ РађРађРБ░РБ┐РБ┐РА┐РаІРађРађРађРађРађРађРађРађРађРађРађРађРађРађРбђРБ┐РБ┐РБ┐РБ┐РБ┐РБ┐РБ┐РБ┐РБ┐РБ┐РБ┐РБ┐РБєРађРађ Рћѓ
Рћѓ РађРБ░РБ┐РБ┐РАЪРађРађРађРађРађРађРађРађРађРађРађРађРађРађРађРађРаѕРБ┐РБ┐РБ┐РБ┐РБ┐РБ┐РБ┐РБ┐РБ┐РБ┐РБ┐РБ┐РБ┐РБЄРађ Рћѓ
Рћѓ РбаРБ┐РБ┐РАЪРађРађРађРађРађРађРађРађРађРађРађРађРађРађРађРађРађРађРа╣РБ┐РБ┐РБ┐РБ┐РБ┐РБ┐РБ┐РБ┐РБ┐РБ┐РБ┐РБ┐РБ┐РАё Рћѓ
Рћѓ РБЙРБ┐РБ┐РаЂРађРађРађРађРађРађРађРађРађРађРађРађРађРађРађРађРађРађРађРб╗РБ┐РБ┐РБ┐РБ┐РБ┐РБ┐РБ┐РБ┐РБ┐РБ┐РБ┐РБ┐РБи Рћѓ
Рћѓ РБ┐РБ┐РАЈРађРађРађРађРађРађРађРађРађРађРађРађРађРађРађРађРађРађРађРађРађРб╗РБ┐РБ┐РБ┐РБ┐РБ┐РБ┐РБ┐РБ┐РБ┐РБ┐РБ┐РБ┐ Рћѓ
Рћѓ РБ┐РБ┐РАЄРађРађРађРађРађРађРађРађРађРађРађРађРађРађРађРађРађРађРађРађРађРађРб╗РБ┐РБ┐РБ┐РБ┐РБ┐РБ┐РБ┐РБ┐РБ┐РБ┐РБ┐ Рћѓ
Рћѓ                                       Рћѓ
Рћѓ                                       Рћѓ
Рћѓ                                       Рћѓ
Рћѓ Mood: NEUTRAL                         Рћѓ
Рћѓ Repo: tuxtest                         Рћѓ
Рћѓ Last Commit: Unknown                  Рћѓ
Рћѓ                                       Рћѓ
Рћѓ                                       Рћѓ
Рћѓ                                       Рћѓ
Рћѓ                                       Рћѓ
Рћѓ                                       Рћѓ
Рћѓ                                       Рћѓ
Рћѓ                                       Рћѓ
Рћѓ                                       Рћѓ
Рћѓ                                       Рћѓ
Рћѓ                                       Рћѓ
Рћѓ                                       Рћѓ
Рћѓ                                       Рћѓ
Рћѓ                                       Рћѓ
Рћѓ                                       Рћѓ
Рћѓ                                       Рћѓ
РЋ░РћђРћђРћђРћђРћђРћђРћђРћђРћђРћђРћђРћђРћђРћђРћђРћђРћђРћђРћђРћђРћђРћђРћђРћђРћђРћђРћђРћђРћђРћђРћђРћђРћђРћђРћђРћђРћђРћђРћђРЋ»
[DEBUG] Fetched commit time: None
[!] No commit found, and no fallback yet.
[DEBUG] tux.last_commit_time: None
[DEBUG] tux.mood: neutral
cРЋГРћђРћђРћђРћђРћђРћђРћђРћђРћђРћђРћђРћђРћђ Tuxagotchi РћђРћђРћђРћђРћђРћђРћђРћђРћђРћђРћђРћђРћђРћђРЋ«
Рћѓ РађРађРађРађРађРађРађРађРађРађРађРађРађРађРађРа░РБХРБдРБёРАђРађРађРађРађРађРађРађРађРађРађРађРађРађРађРађРађРађ Рћѓ
Рћѓ РађРађРађРађРађРађРађРађРађРађРБђРБцРБцРБХРБХРБХРБ┐РБ┐РБ┐РБ┐РБиРБХРБХРБХРБдРБцРБёРАђРађРађРађРађРађРађРађРађРађ Рћѓ
Рћѓ РађРађРађРађРађРађРађРбђРБ┤РБ┐РБ┐РБ┐РБ┐РБ┐РБ┐РБ┐РБ┐РБ┐РБ┐РБ┐РБ┐РБ┐РБ┐РБ┐РБ┐РБ┐РБ┐РБ┐РБ┐РБдРБёРађРађРађРађРађРађ Рћѓ
Рћѓ РађРађРађРађРађРађРБ┤Ра┐Ра┐Рб┐РБ┐РБ┐РБ┐РБ┐РБ┐РБ┐РБ┐Ра┐РаЏРаІРаЅРаЅРаЎРаЏРа┐РБ┐РБ┐РБ┐РБ┐РБ┐РБ┐РБиРАёРађРађРађРађ Рћѓ
Рћѓ РађРађРађРађРађРАИРаЂРађРађРађРаЎРБ┐РБ┐РБ┐РБ┐РА┐РаЂРађРађРађРађРађРађРађРађРаѕРа╗РБ┐РБ┐РБ┐РБ┐РБ┐РБ┐РАёРађРађРађ Рћѓ
Рћѓ РађРађРађРађРбђРАЄРађРађРађРађРађРаўРБ┐РБ┐РА┐РађРађРађРађРађРађРађРађРађРађРађРађРа╣РБ┐РБ┐РБ┐РБ┐РБ┐РБ┐РАђРађРађ Рћѓ
Рћѓ РађРађРађРађРбИРАЄРађРађРађРађРађРађРБ┐РБ┐РАЄРађРађРађРађРађРађРађРађРађРађРађРађРађРа╣РБ┐РБ┐РБ┐РБ┐РБ┐РАЄРађРађ Рћѓ
Рћѓ РађРађРађРађРБЙРаЂРаўРб╗РаЪРаЃРбаРБцРАЪРаЏРбдРАёРађРађРађРаЏРАЏРаЏРађРађРађРађРађРађРађРб┐РБ┐РБ┐РБ┐РБ┐РАЄРађРађ Рћѓ
Рћѓ РађРађРађРбИРАЄРађРађРађРађРађРађРаѕРаЅРаЅРаЂРађРађРађРађРађРађРађРађРађРађРађРађРађРађРбИРБ┐РБ┐РБ┐РБ┐РаЃРађРађ Рћѓ
Рћѓ РађРађРађРбИРАЄРађРађРађРађРађРађРађРађРађРађРађРађРађРађРађРађРађРађРађРађРађРађРађРбђРБ┐РБ┐РБ┐РБ┐РАЈРађРађРађ Рћѓ
Рћѓ РађРађРађРаѕРбиРађРађРађРађРађРађРађРађРађРађРађРађРађРађРађРађРађРађРађРађРађРађРБаРБЙРБ┐РБ┐РБ┐РАЪРађРађРађРађ Рћѓ
Рћѓ РађРађРађРађРађРБ│РАђРађРађРађРађРађРађРађРађРађРађРађРађРађРађРађРађРађРбђРБцРБЙРБ┐РБ┐РБ┐РБ┐РБ┐РАђРађРађРађРађ Рћѓ
Рћѓ РађРађРађРбаРБЙРБ┐РБ┐РаєРађРађРађРађРађРађРађРађРађРађРађРађРађРађРбаРБЙРБ┐РБ┐РБ┐РБ┐РБ┐РБ┐РБ┐РБ┐РБиРАёРађРађРађ Рћѓ
Рћѓ РађРађРБ░РБ┐РБ┐РА┐РаІРађРађРађРађРађРађРађРађРађРађРађРађРађРађРбђРБ┐РБ┐РБ┐РБ┐РБ┐РБ┐РБ┐РБ┐РБ┐РБ┐РБ┐РБ┐РБєРађРађ Рћѓ
Рћѓ РађРБ░РБ┐РБ┐РАЪРађРађРађРађРађРађРађРађРађРађРађРађРађРађРађРађРаѕРБ┐РБ┐РБ┐РБ┐РБ┐РБ┐РБ┐РБ┐РБ┐РБ┐РБ┐РБ┐РБ┐РБЄРађ Рћѓ
Рћѓ РбаРБ┐РБ┐РАЪРађРађРађРађРађРађРађРађРађРађРађРађРађРађРађРађРађРађРа╣РБ┐РБ┐РБ┐РБ┐РБ┐РБ┐РБ┐РБ┐РБ┐РБ┐РБ┐РБ┐РБ┐РАё Рћѓ
Рћѓ РБЙРБ┐РБ┐РаЂРађРађРађРађРађРађРађРађРађРађРађРађРађРађРађРађРађРађРађРб╗РБ┐РБ┐РБ┐РБ┐РБ┐РБ┐РБ┐РБ┐РБ┐РБ┐РБ┐РБ┐РБи Рћѓ
Рћѓ РБ┐РБ┐РАЈРађРађРађРађРађРађРађРађРађРађРађРађРађРађРађРађРађРађРађРађРађРб╗РБ┐РБ┐РБ┐РБ┐РБ┐РБ┐РБ┐РБ┐РБ┐РБ┐РБ┐РБ┐ Рћѓ
Рћѓ РБ┐РБ┐РАЄРађРађРађРађРађРађРађРађРађРађРађРађРађРађРађРађРађРађРађРађРађРађРб╗РБ┐РБ┐РБ┐РБ┐РБ┐РБ┐РБ┐РБ┐РБ┐РБ┐РБ┐ Рћѓ
Рћѓ                                       Рћѓ
Рћѓ                                       Рћѓ
Рћѓ                                       Рћѓ
Рћѓ                                       Рћѓ
Рћѓ Mood: NEUTRAL                         Рћѓ
Рћѓ Repo: tuxtest                         Рћѓ
Рћѓ Last Commit: Unknown                  Рћѓ
Рћѓ                                       Рћѓ
Рћѓ                                       Рћѓ
Рћѓ                                       Рћѓ
Рћѓ                                       Рћѓ
Рћѓ                                       Рћѓ
Рћѓ                                       Рћѓ
Рћѓ                                       Рћѓ
Рћѓ                                       Рћѓ
Рћѓ                                       Рћѓ
Рћѓ                                       Рћѓ
Рћѓ                                       Рћѓ
Рћѓ                                       Рћѓ
Рћѓ                                       Рћѓ
Рћѓ                                       Рћѓ
Рћѓ                                       Рћѓ
РЋ░РћђРћђРћђРћђРћђРћђРћђРћђРћђРћђРћђРћђРћђРћђРћђРћђРћђРћђРћђРћђРћђРћђРћђРћђРћђРћђРћђРћђРћђРћђРћђРћђРћђРћђРћђРћђРћђРћђРћђРЋ»
